minute,strokes
1410414840, 0
1410415740, 153
1410415920, 17
1410456360, 9
1410456480, 8
1410456660, 77
1410456780, 54
1410456900, 1
1410457020, 84
1410457140, 246
1410457260, 364
1410457380, 16
1410457500, 116
1410457620, 113
1410457800, 20
1410457920, 69
1410458040, 72
1410458160, 93
1410458280, 127
1410458400, 25
1410458640, 59
1410458880, 16
1410459120, 41
1410459240, 143
1410459360, 11
1410459480, 20
1410459600, 61
1410459840, 51
1410459960, 181
1410460080, 378
1410460560, 12
1410460680, 242
1410466140, 44
1410466440, 1
1410466860, 56
1410467280, 4
1410467580, 76
1410467760, 98
1410468120, 17
1410468300, 33
1410468420, 39
1410469140, 127
1410469260, 108
1410469380, 247
1410469500, 249
1410469620, 195
1410469800, 176
1410470580, 68
1410470760, 41
1410470880, 121
1410471000, 72
1410471480, 129
1410471600, 387
1410471720, 526
1410472080, 363
1410472260, 40
1410472380, 20
1410472500, 45
1410472620, 5
1410472740, 295
1410472980, 195
1410473160, 159
1410473340, 80
1410473460, 136
1410473580, 284
1410474420, 56
1410474540, 153
1410474660, 229
1410474780, 376
1410474900, 363
1410475020, 160
1410475200, 292
1410475320, 63
1410475440, 62
1410475560, 43
1410475680, 222
1410475800, 315
1410475920, 41
1410476160, 5
1410476280, 549
1410476400, 491
1410476520, 233
1410476640, 253
1410476760, 136
1410477000, 260
1410477120, 275
1410477240, 343
1410477360, 77
1410477480, 161
1410477600, 235
1410478020, 49
1410478140, 267
1410478260, 156
1410478380, 84
1410478500, 119
1410478620, 145
1410478740, 178
1410478860, 198
1410478980, 195
1410479100, 206
1410479220, 154
1410479340, 124
1410479460, 284
1410479580, 221
1410479700, 325
1410479820, 154
1410479940, 174
1410480060, 2
1410480240, 292
1410480360, 130
1410480480, 132
1410480600, 37
1410480720, 38
1410480840, 107
1410480960, 49
1410481080, 268
1410481200, 160
1410481320, 155
1410481440, 254
1410481560, 296
1410481680, 305
1410481860, 118
1410481980, 31
1410482340, 73
1410482460, 265
1410482580, 188
1410482700, 279
1410482880, 170
1410483120, 64
1410483300, 76
1410483420, 116
1410483540, 19
1410483660, 19
1410483900, 21
1410484020, 7
1410540000, 42
1410540240, 14
1410540420, 226
1410540540, 68
1410540660, 276
1410540780, 453
1410540960, 217
1410541080, 353
1410541200, 42
1410541320, 240
1410541440, 81
1410541560, 132
1410541860, 164
1410541980, 164
1410542100, 429
1410542220, 255
1410542340, 125
1410542460, 169
1410542580, 88
1410542820, 206
1410544620, 90
1410544740, 205
1410544860, 294
1410545160, 87
1410545280, 323
1410545400, 230
1410545520, 254
1410545940, 145
1410546300, 9
1410546420, 48
1410546900, 18
1410547500, 6
1410547620, 48
1410547740, 44
1410547860, 1
1410548580, 25
1410548760, 33
1410548880, 24
1410549000, 132
1410549240, 78
1410549360, 31
1410549720, 55
1410549840, 52
1410549960, 115
1410550080, 457
1410551940, 79
1410552060, 27
1410552180, 17
1410552600, 8
1410552900, 10
1410553020, 95
1410553140, 56
1410553500, 9
1410553800, 20
1410554460, 9
1410554760, 29
1410554940, 12
1410555060, 55
1410555240, 133
1410555420, 26
1410555540, 86
1410555720, 145
1410555840, 316
1410556140, 218
1410556260, 191
1410556380, 258
1410556500, 548
1410556620, 255
1410556740, 50
1410556860, 226
1410556980, 323
1410557100, 196
1410557220, 380
1410557340, 121
1410557460, 274
1410557580, 174
1410557700, 211
1410557820, 215
1410557940, 422
1410558120, 162
1410558240, 204
1410558360, 181
1410559440, 305
1410559560, 11
1410559680, 269
1410559800, 241
1410559920, 24
1410560040, 143
1410560160, 11
1410560280, 28
1410560400, 184
1410560520, 179
1410560640, 201
1410560760, 85
1410560880, 169
1410561120, 30
1410561360, 197
1410561780, 122
1410563640, 60
1410563760, 126
1410564660, 123
1410564780, 86
1410564900, 143
1410565020, 213
1410565140, 87
1410565260, 51
1410565380, 247
1410565500, 58
1410565800, 17
1410566220, 24
1410566580, 260
1410566700, 34
1410566820, 345
1410566940, 78
1410567060, 206
1410567180, 341
1410567300, 183
1410569100, 39
1410569400, 7
1410569520, 249
1410569640, 75
1410569760, 103
1410569880, 144
1410570000, 14
1410570360, 68
1410592380, 13
1410593160, 87
1410593280, 81
1410593520, 29
1410593640, 109
1410593760, 130
1410594360, 39
1410594660, 100
1410594780, 38
1410594900, 17
1410595020, 57
1410595200, 63
1410595320, 14
1410595560, 36
1410595680, 27
1410595800, 27
1410596100, 78
1410596280, 60
1410596760, 22
1410596940, 77
1410597060, 40
1410597240, 131
1410597360, 145
1410597480, 465
1410597600, 59
1410597780, 71
1410597900, 7
1410598020, 6
1410598140, 64
1410598260, 87
1410598380, 48
1410598620, 39
1410598920, 13
1410599100, 30
1410599340, 67
1410599640, 78
1410599760, 35
1410599880, 18
1410600000, 37
1410644280, 11
1410644820, 16
1410645480, 19
1410645720, 37
1410672480, 1
1410672960, 9
1410673320, 13
1410673500, 16
1410673800, 29
1410673920, 31
1410674040, 23
1410725520, 10
1410726480, 21
1410727020, 24
1410727260, 36
1410727680, 37
1410727920, 32
1410728340, 38
1410728580, 12
1410728760, 56
1410728940, 21
1410729360, 24
1410729480, 21
1410729600, 49
1410729720, 13
1410730080, 13
1410730680, 41
1410731100, 28
1410731280, 48
1410731400, 34
1410731520, 22
1410731640, 70
1410731820, 96
1410731940, 87
1410732540, 33
1410734640, 24
1410734880, 6
1410735000, 62
1410735120, 108
1410735240, 87
1410737880, 49
1410738180, 26
1410738300, 14
1410738900, 20
1410739020, 44
1410741120, 77
1410741240, 281
1410741360, 402
1410741480, 136
1410741600, 48
1410741780, 10
1410742020, 69
1410742260, 39
1410742560, 5
1410743880, 5
1410744060, 47
1410744180, 10
1410749220, 53
1410749340, 113
1410749460, 53
1410749580, 10
1410749760, 27
1410749880, 50
1410750000, 60
1410750180, 58
1410750300, 40
1410750420, 53
1410750540, 129
1410753840, 136
1410754080, 10
1410754260, 10
1410754380, 13
1410754500, 10
1410755280, 8
1410755520, 26
1410755700, 4
1410755820, 27
1410756240, 8
1462945800, 0
1462945920, 76
1462946040, 178
1462946160, 355
1462946280, 301
1462946400, 181
1462946520, 216
1462946640, 140
1462946760, 382
1462946880, 217
1462947000, 29
1462947120, 196
1462947240, 422
1462947360, 273
1462947480, 301
1462947600, 378
1462949040, 17
1462987380, 1
1462987620, 5
1462987740, 83
1462988460, 194
1462988580, 83
1462988700, 146
1462988820, 293
1462988940, 197
1462989060, 104
1462989180, 78
1462989300, 8
1462989960, 33
1462990140, 2
1462990500, 35
1462996260, 26
1462996380, 235
1462996500, 624
1462996620, 603
1462996740, 433
1462996860, 240
1462996980, 468
1462997340, 434
1462997460, 98
1462997580, 368
1462997700, 243
1462997880, 23
1462998000, 162
1462998120, 306
1462998240, 337
1462998360, 436
1462998480, 550
1462998600, 583
1462998720, 326
1462998840, 458
1462998960, 434
1462999080, 121
1462999200, 93
1462999320, 43
1462999620, 70
1462999740, 19
1462999860, 25
1463000460, 119
1463000760, 61
1463000940, 35
1463001060, 96
1463001180, 31
1463001540, 130
1463002440, 55
1463003520, 17
1463004120, 96
1463005080, 26
1463009040, 1
1463010060, 9
1463011380, 4
1463011500, 156
1463011800, 198
1463012100, 16
1463012880, 4
1463022720, 12
1463022840, 20
1463026920, 16
1463027040, 53
1463027400, 5
1463027880, 8
1463076180, 13
1463076360, 108
1463077620, 161
1463077740, 75
1463077860, 179
1463078160, 205
1463078340, 16
1463078460, 28
1463078580, 113
1463078820, 105
1463078940, 90
1463079300, 48
1463079420, 131
1463079540, 395
1463079660, 561
1463079780, 255
1463079900, 76
1463080020, 373
1463080680, 39
1463081100, 60
1463081220, 178
1463081340, 28
1463081460, 28
1463082480, 22
1463082600, 150
1463088120, 176
1463088300, 30
1463088420, 4
1463088540, 52
1463088720, 482
1463088840, 25
1463088960, 4
1463089080, 16
1463089260, 55
1463089800, 4
1463090460, 4
1463090820, 338
1463091000, 389
1463091780, 5
1463091960, 155
1463093760, 36
1463093880, 148
1463094060, 4
1463094300, 5
1463094720, 2
1463094900, 10
1463095020, 75
1463095140, 26
1463095320, 13
1463095500, 72
1463095620, 33
1463095740, 70
1463095860, 201
1463095980, 41
1463096160, 109
1463096280, 72
1463096880, 8
1463099460, 91
1463099580, 185
1463099700, 113
1463099820, 25
1463100000, 14
1463100120, 3
1463100240, 5
1463100660, 126
1463100900, 28
1463101020, 27
1463101200, 65
1463127600, 1
1463127840, 13
1463128080, 70
1463128200, 1
1463158020, 8
1463158140, 27
1463158260, 443
1463158620, 3
1463158740, 174
1463158860, 415
1463158980, 475
1463159100, 412
1463159220, 506
1463159460, 391
1463159580, 275
1463159700, 187
1463159820, 533
1463159940, 360
1463160060, 370
1463160180, 177
1463160300, 288
1463160420, 109
1463160540, 291
1463160660, 201
1463160780, 176
1463160900, 55
1463162580, 32
1463162940, 43
1463163600, 2
1463163720, 185
1463163900, 62
1463164080, 84
1463165760, 358
1463166180, 60
1463166300, 146
1463166660, 16
1463166840, 3
1463166960, 502
1463167080, 230
1463170440, 7
1463170680, 122
1463170920, 70
1463171040, 4
1463171400, 14
1463171520, 147
1463171640, 92
1463171760, 181
1463171940, 82
1463172120, 32
1463172360, 18
1463172720, 15
1463172840, 13
1463173380, 14
1463173500, 18
1463173620, 51
1463173740, 274
1463173860, 89
1463173980, 24
1463174100, 174
1463175000, 93
1463175240, 41
1463178000, 21
1463178120, 118
1463178240, 272
1463178720, 75
1463178840, 163
1463179020, 258
1463180220, 70
1463237640, 192
1463238720, 9
1463238840, 22
1463239920, 44
1463241480, 38
1463243760, 34
1463300220, 34
1463300400, 16
1463300520, 49
1463300640, 22
1463300760, 51
1463300880, 14
1463301060, 311
1463301240, 51
1463301600, 57
1463301720, 132
1463301840, 278
1463301960, 10
1463302080, 67
1463302320, 4
1463302440, 15
1463302560, 245
1463302680, 142
1463302800, 314
1463302920, 29
1463303100, 1
1463303220, 57
1463303340, 97
1463303460, 320
1463303580, 147
1463303760, 132
1463303880, 90
1463304000, 62
1463304120, 146
1463304240, 40
1463304360, 182
1463304480, 62
1463304600, 179
1463304720, 108
1463304840, 167
1463305020, 223
1463305140, 112
1463305260, 36
1463305380, 117
1463305500, 170
1463305800, 130
1463334000, 14
1463334120, 61
1463412540, 60
1463417400, 5
1463417520, 50
1463417700, 3
1463417820, 261
1463417940, 418
1463418060, 410
1463418180, 209
1463418300, 10
1463418600, 4
1463418720, 1
1463418840, 130
1463419020, 4
1463419140, 67
1463419260, 60
1463419380, 58
1463419500, 428
1463419620, 208
1463419740, 401
1463420880, 125
1463421240, 27
1463421420, 5
1463423700, 96
1463423820, 18
1463425200, 27
1463429700, 7
1463430060, 42
1463430240, 9
1463431200, 36
1463433060, 2
1463433360, 15
1463433480, 197
1463433600, 127
1463433720, 362
1463433840, 261
1463434140, 182
1463435760, 29
1463436480, 3
1463437140, 9
1463437680, 14
1463438460, 25
1463438580, 31
1463438700, 2
1463438820, 184
1463439180, 197
1463439300, 127
1463440020, 58
1463440140, 30
1463440260, 189
1463440380, 15
1463440500, 18
1463440620, 57
1463440740, 83
1463440860, 7
1463440980, 36
1463441100, 10
1463441220, 91
1463441340, 35
1463441460, 38
1463441580, 111
1463441700, 306
1463441820, 72
1463505600, 39
1463505720, 141
1463505840, 278
1463505960, 139
1463506080, 24
1463506260, 4
1463506800, 53
1463507580, 5
1463507700, 117
1463508000, 133
1463508120, 83
1463508240, 139
1463508360, 165
1463508660, 3
1463508780, 88
1463509020, 3
1463509140, 255
1463509260, 46
1463509380, 27
1463514780, 5
1463515020, 50
1463515140, 130
1463515260, 596
1463515380, 390
1463515500, 660
1463516220, 404
1463516340, 359
1463516520, 61
1463517240, 143
1463518080, 14
1463518200, 252
1463518320, 192
1463518440, 322
1463518560, 392
1463518680, 452
1463518800, 357
1463518920, 329
1463519100, 58
1463519220, 44
1463519820, 19
1463520060, 1
1463520240, 23
1463520600, 185
1463521500, 25
1463521620, 518
1463521740, 382
1463522520, 50
1463522640, 144
1463522940, 72
1463523120, 18
1463523240, 1
1463523480, 1
1463523780, 87
1463524380, 49
1463524500, 100
1463524620, 132
1463524740, 20
1463524860, 59
1463524980, 58
1463525100, 5
1463525220, 39
1463525340, 22
1463525460, 41
1463525580, 17
1463525760, 1
1463525880, 60
1463526000, 60
1463526120, 39
1463526240, 14
1463526360, 7
1463526540, 33
1463526660, 14
1463526780, 78
1463526900, 11
1463527020, 11
1463527140, 27
1463527260, 175
1463527440, 96
1463527560, 12
1463527680, 12
1463527800, 14
1463527920, 5
1463528040, 54
1463528160, 231
1463528280, 140
1463528400, 20
1463528520, 2
1463528640, 10
1463528940, 38
1463529060, 286
1463529180, 25
1463529300, 23
1463529420, 62
1463529540, 541
1463529660, 267
1463529780, 95
1463529900, 206
1463530080, 1
1463532360, 113
1463591460, 10
1463591640, 60
1463591760, 84
1463591880, 91
1463592000, 147
1463592600, 26
1463592720, 41
1463594160, 132
1463594280, 211
1463594400, 426
1463594520, 525
1463594640, 407
1463594760, 188
1463594880, 388
1463595000, 287
1463595120, 160
1463595240, 64
1463595420, 7
1463595540, 75
1463595660, 36
1463595780, 20
1463596080, 105
1463596200, 69
1463596380, 45
1463596620, 93
1463596740, 149
1463596860, 109
1463596980, 31
1463597100, 268
1463597220, 422
1463597340, 127
1463597640, 285
1463597760, 328
1463597880, 191
1463598000, 95
1463598240, 150
1463598600, 194
1463598840, 60
1463598960, 85
1463599080, 28
1463599260, 52
1463599560, 26
1463599740, 4
1463602920, 4
1463603040, 159
1463603160, 17
1463603280, 567
1463603400, 403
1463605080, 121
1463605200, 144
1463605320, 102
1463605440, 253
1463605560, 192
1463605680, 133
1463605800, 145
1463605920, 470
1463606040, 519
1463606160, 73
1463606280, 101
1463606400, 299
1463606520, 51
1463606640, 175
1463606760, 126
1463606880, 379
1463607000, 259
